<?xml version="1.0" encoding="UTF-8"?>
<!-- Generated by org.testng.reporters.JUnitReportReporter -->
<testsuite hostname="DESKTOP-F280F2S" failures="0" tests="3" name="tests.Tests" time="43.967" errors="0" timestamp="23 Dec 2022 15:17:59 GMT" skipped="0">
  <testcase classname="tests.Tests" name="validateSubscriptionPlanBahrain" time="17.396"/>
  <testcase classname="tests.Tests" name="validateSubscriptionPlanKuwait" time="14.192"/>
  <testcase classname="tests.Tests" name="validateSubscriptionPlanKSA" time="12.379"/>
</testsuite> <!-- tests.Tests -->
